<?xml version="1.0" encoding="UTF-8"?>
<!-- Generated by org.testng.reporters.JUnitXMLReporter -->
<testsuite hostname="Amar" ignored="0" name="Test2" tests="1" failures="1" timestamp="01 Jun 2021 09:06:48 GMT" time="32.712" errors="0">
  <testcase name="parallelexecutoon" time="32.546" classname="webapp.ParallelTesting">
    <failure type="org.openqa.selenium.WebDriverException" message="An unknown server-side error occurred while processing the command. Original error: Error in building: Ill-formed XML document (multiple root elements detected). Try changing the &amp;apos;normalizeTagNames&amp;apos; driver setting to &amp;apos;true&amp;apos; in order to workaround the problem. (WARNING: The server did not provide any stacktrace information)
Command duration or timeout: 764 milliseconds
Build info: version: &amp;apos;2.53.1&amp;apos;, revision: &amp;apos;a36b8b1cd5757287168e54b817830adce9b0158d&amp;apos;, time: &amp;apos;2016-06-30 19:26:09&amp;apos;
System info: host: &amp;apos;Amar&amp;apos;, ip: &amp;apos;192.168.43.45&amp;apos;, os.name: &amp;apos;Windows 8.1&amp;apos;, os.arch: &amp;apos;amd64&amp;apos;, os.version: &amp;apos;6.3&amp;apos;, java.version: &amp;apos;1.8.0_172&amp;apos;
Driver info: io.appium.java_client.android.AndroidDriver
Capabilities [{appPackage=com.androidsample.generalstore, statBarHeight=72, noReset=true, viewportRect={top=72, left=0, width=1080, height=1848}, deviceName=emulator-5554, UDID=emulator-5554, platform=LINUX, deviceUDID=emulator-5554, desired={appPackage=com.androidsample.generalstore, appActivity=.SplashActivity, noReset=true, platformVersion=8.1.0, automationName=Appium, platformName=Android, deviceName=Android Emulator, UDID=emulator-5554}, platformVersion=7.0, webStorageEnabled=false, automationName=Appium, takesScreenshot=true, javascriptEnabled=true, platformName=Android, deviceApiLevel=24, deviceManufacturer=Xiaomi, deviceScreenSize=1080x1920, networkConnectionEnabled=true, warnings={}, databaseEnabled=false, appActivity=.SplashActivity, pixelRatio=3, locationContextEnabled=false, deviceScreenDensity=480, deviceModel=Redmi Note 4}]
Session ID: 60d34d27-662a-4d91-a8c9-60182761380c
*** Element info: {Using=xpath, value=//android.widget.EditText[@text=&amp;apos;Enter name here&amp;apos;]}">
      <![CDATA[org.openqa.selenium.WebDriverException: An unknown server-side error occurred while processing the command. Original error: Error in building: Ill-formed XML document (multiple root elements detected). Try changing the 'normalizeTagNames' driver setting to 'true' in order to workaround the problem. (WARNING: The server did not provide any stacktrace information)
Command duration or timeout: 764 milliseconds
Build info: version: '2.53.1', revision: 'a36b8b1cd5757287168e54b817830adce9b0158d', time: '2016-06-30 19:26:09'
System info: host: 'Amar', ip: '192.168.43.45', os.name: 'Windows 8.1', os.arch: 'amd64', os.version: '6.3', java.version: '1.8.0_172'
Driver info: io.appium.java_client.android.AndroidDriver
Capabilities [{appPackage=com.androidsample.generalstore, statBarHeight=72, noReset=true, viewportRect={top=72, left=0, width=1080, height=1848}, deviceName=emulator-5554, UDID=emulator-5554, platform=LINUX, deviceUDID=emulator-5554, desired={appPackage=com.androidsample.generalstore, appActivity=.SplashActivity, noReset=true, platformVersion=8.1.0, automationName=Appium, platformName=Android, deviceName=Android Emulator, UDID=emulator-5554}, platformVersion=7.0, webStorageEnabled=false, automationName=Appium, takesScreenshot=true, javascriptEnabled=true, platformName=Android, deviceApiLevel=24, deviceManufacturer=Xiaomi, deviceScreenSize=1080x1920, networkConnectionEnabled=true, warnings={}, databaseEnabled=false, appActivity=.SplashActivity, pixelRatio=3, locationContextEnabled=false, deviceScreenDensity=480, deviceModel=Redmi Note 4}]
Session ID: 60d34d27-662a-4d91-a8c9-60182761380c
*** Element info: {Using=xpath, value=//android.widget.EditText[@text='Enter name here']}
at org.openqa.selenium.remote.ErrorHandler.createThrowable(ErrorHandler.java:206)
at org.openqa.selenium.remote.ErrorHandler.throwIfResponseFailed(ErrorHandler.java:158)
at org.openqa.selenium.remote.RemoteWebDriver.execute(RemoteWebDriver.java:678)
at io.appium.java_client.DefaultGenericMobileDriver.execute(DefaultGenericMobileDriver.java:40)
at io.appium.java_client.AppiumDriver.execute(AppiumDriver.java:1)
at io.appium.java_client.android.AndroidDriver.execute(AndroidDriver.java:1)
at org.openqa.selenium.remote.RemoteWebDriver.findElement(RemoteWebDriver.java:363)
at io.appium.java_client.DefaultGenericMobileDriver.findElement(DefaultGenericMobileDriver.java:56)
at io.appium.java_client.AppiumDriver.findElement(AppiumDriver.java:1)
at io.appium.java_client.android.AndroidDriver.findElement(AndroidDriver.java:1)
at org.openqa.selenium.remote.RemoteWebDriver.findElementByXPath(RemoteWebDriver.java:500)
at io.appium.java_client.DefaultGenericMobileDriver.findElementByXPath(DefaultGenericMobileDriver.java:134)
at io.appium.java_client.AppiumDriver.findElementByXPath(AppiumDriver.java:1)
at io.appium.java_client.android.AndroidDriver.findElementByXPath(AndroidDriver.java:1)
at webapp.ParallelTesting.parallelexecutoon(ParallelTesting.java:32)
at java.util.concurrent.FutureTask.run(FutureTask.java:266)
at java.util.concurrent.ThreadPoolExecutor.runWorker(ThreadPoolExecutor.java:1149)
at java.util.concurrent.ThreadPoolExecutor$Worker.run(ThreadPoolExecutor.java:624)
at java.lang.Thread.run(Thread.java:748)
... Removed 20 stack frames]]>
    </failure>
  </testcase> <!-- parallelexecutoon -->
</testsuite> <!-- Test2 -->
